#
# There is insufficient memory for the Java Runtime Environment to continue.
# Native memory allocation (mmap) failed to map 268435456 bytes. Error detail: G1 virtual space
# Possible reasons:
#   The system is out of physical RAM or swap space
#   This process is running with CompressedOops enabled, and the Java Heap may be blocking the growth of the native heap
# Possible solutions:
#   Reduce memory load on the system
#   Increase physical memory or swap space
#   Check if swap backing store is full
#   Decrease Java heap size (-Xmx/-Xms)
#   Decrease number of Java threads
#   Decrease Java thread stack sizes (-Xss)
#   Set larger code cache with -XX:ReservedCodeCacheSize=
#   JVM is running with Zero Based Compressed Oops mode in which the Java heap is
#     placed in the first 32GB address space. The Java Heap base address is the
#     maximum limit for the native heap growth. Please use -XX:HeapBaseMinAddress
#     to set the Java Heap base and to place the Java Heap above 32GB virtual address.
# This output file may be truncated or incomplete.
#
#  Out of Memory Error (os_windows.cpp:3631), pid=18700, tid=20912
#
# JRE version:  (22.0.1+8) (build )
# Java VM: Java HotSpot(TM) 64-Bit Server VM (22.0.1+8-16, mixed mode, sharing, tiered, compressed oops, compressed class ptrs, g1 gc, windows-amd64)
# No core dump will be written. Minidumps are not enabled by default on client versions of Windows
#

---------------  S U M M A R Y ------------

Command Line: -javaagent:F:\IntelliJ IDEA Community Edition 2023.3.3\lib\idea_rt.jar=53669:F:\IntelliJ IDEA Community Edition 2023.3.3\bin -Dfile.encoding=UTF-8 -Dsun.stdout.encoding=UTF-8 -Dsun.stderr.encoding=UTF-8 --module-path=C:\Users\yes\.m2\repository\org\openjfx\javafx-fxml\13\javafx-fxml-13-win.jar;F:\User\Documents\GitHub\DiscordCompressor\target\classes;C:\Users\yes\.m2\repository\org\openjfx\javafx-graphics\13\javafx-graphics-13-win.jar;C:\Users\yes\.m2\repository\org\openjfx\javafx-base\13\javafx-base-13-win.jar;C:\Users\yes\.m2\repository\org\openjfx\javafx-controls\13\javafx-controls-13-win.jar -Djdk.module.main=com.discordcompressor com.discordcompressor/com.discordcompressor.App

Host: AMD Ryzen 5 3500X 6-Core Processor             , 6 cores, 15G,  Windows 10 , 64 bit Build 19041 (10.0.19041.3636)
Time: Fri Jun  7 21:10:28 2024 Malay Peninsula Standard Time elapsed time: 0.017945 seconds (0d 0h 0m 0s)

---------------  T H R E A D  ---------------

Current thread (0x0000022f93a51d70):  JavaThread "Unknown thread" [_thread_in_vm, id=20912, stack(0x000000bb1ea00000,0x000000bb1eb00000) (1024K)]

Stack: [0x000000bb1ea00000,0x000000bb1eb00000]
Native frames: (J=compiled Java code, j=interpreted, Vv=VM code, C=native code)
V  [jvm.dll+0x6e2279]  (no source info available)
V  [jvm.dll+0x874e33]  (no source info available)
V  [jvm.dll+0x87725e]  (no source info available)
V  [jvm.dll+0x877933]  (no source info available)
V  [jvm.dll+0x27fd76]  (no source info available)
V  [jvm.dll+0x6de915]  (no source info available)
V  [jvm.dll+0x6d341a]  (no source info available)
V  [jvm.dll+0x3589da]  (no source info available)
V  [jvm.dll+0x360f06]  (no source info available)
V  [jvm.dll+0x3b3e2e]  (no source info available)
V  [jvm.dll+0x3b40d8]  (no source info available)
V  [jvm.dll+0x32c59c]  (no source info available)
V  [jvm.dll+0x32d158]  (no source info available)
V  [jvm.dll+0x83ccdc]  (no source info available)
V  [jvm.dll+0x3c0d71]  (no source info available)
V  [jvm.dll+0x825ccc]  (no source info available)
V  [jvm.dll+0x45b8fe]  (no source info available)
V  [jvm.dll+0x45d781]  (no source info available)
C  [jli.dll+0x52a3]  (no source info available)
C  [ucrtbase.dll+0x21bb2]  (no source info available)
C  [KERNEL32.DLL+0x17344]  (no source info available)
C  [ntdll.dll+0x526b1]  (no source info available)


---------------  P R O C E S S  ---------------

Threads class SMR info:
_java_thread_list=0x00007ffe3f80b1c8, length=0, elements={
}

Java Threads: ( => current thread )
Total: 0

Other Threads:
  0x0000022f95d28960 WorkerThread "GC Thread#0"                     [id=8188, stack(0x000000bb1eb00000,0x000000bb1ec00000) (1024K)]
  0x0000022f95d39730 ConcurrentGCThread "G1 Main Marker"            [id=18804, stack(0x000000bb1ec00000,0x000000bb1ed00000) (1024K)]
  0x0000022f93b1ea70 WorkerThread "G1 Conc#0"                       [id=4012, stack(0x000000bb1ed00000,0x000000bb1ee00000) (1024K)]

[error occurred during error reporting (printing all threads), id 0xc0000005, EXCEPTION_ACCESS_VIOLATION (0xc0000005) at pc=0x00007ffe3ef5f367]
VM state: not at safepoint (not fully initialized)

VM Mutex/Monitor currently owned by a thread:  ([mutex/lock_event])
[0x00007ffe3f88bcb8] Heap_lock - owner thread: 0x0000022f93a51d70

Heap address: 0x0000000701200000, size: 4078 MB, Compressed Oops mode: Zero based, Oop shift amount: 3

CDS archive(s) mapped at: [0x0000000000000000-0x0000000000000000-0x0000000000000000), size 0, SharedBaseAddress: 0x0000000800000000, ArchiveRelocationMode: 1.
Narrow klass base: 0x0000000000000000, Narrow klass shift: 0, Narrow klass range: 0x0

GC Precious Log:
 CardTable entry size: 512
 Card Set container configuration: InlinePtr #cards 4 size 8 Array Of Cards #cards 16 size 48 Howl #buckets 8 coarsen threshold 3686 Howl Bitmap #cards 512 size 80 coarsen threshold 460 Card regions per heap region 1 cards per card region 4096

Heap:
 garbage-first heap   total reserved 4175872K, committed 0K, used 0K [0x0000000701200000, 0x0000000800000000)
  region size 2048K, 0 young (0K), 0 survivors (0K)

[error occurred during error reporting (printing heap information), id 0xc0000005, EXCEPTION_ACCESS_VIOLATION (0xc0000005) at pc=0x00007ffe3f35e429]
GC Heap History (0 events):
No events

Dll operation events (1 events):
Event: 0.013 Loaded shared library C:\Program Files\Java\jdk-22\bin\java.dll

Deoptimization events (0 events):
No events

Classes loaded (0 events):
No events

Classes unloaded (0 events):
No events

Classes redefined (0 events):
No events

Internal exceptions (0 events):
No events

ZGC Phase Switch (0 events):
No events

VM Operations (0 events):
No events

Events (0 events):
No events


Dynamic libraries:
0x00007ff714dc0000 - 0x00007ff714dd0000 	C:\Program Files\Java\jdk-22\bin\java.exe
0x00007ffe81c10000 - 0x00007ffe81e08000 	C:\WINDOWS\SYSTEM32\ntdll.dll
0x00007ffe7fe30000 - 0x00007ffe7feed000 	C:\WINDOWS\System32\KERNEL32.DLL
0x00007ffe7f360000 - 0x00007ffe7f656000 	C:\WINDOWS\System32\KERNELBASE.dll
0x00007ffe7f830000 - 0x00007ffe7f930000 	C:\WINDOWS\System32\ucrtbase.dll
0x00007ffe796b0000 - 0x00007ffe796cb000 	C:\Program Files\Java\jdk-22\bin\VCRUNTIME140.dll
0x00007ffe76bf0000 - 0x00007ffe76c07000 	C:\Program Files\Java\jdk-22\bin\jli.dll
0x00007ffe7fd80000 - 0x00007ffe7fe30000 	C:\WINDOWS\System32\ADVAPI32.dll
0x00007ffe81540000 - 0x00007ffe815de000 	C:\WINDOWS\System32\msvcrt.dll
0x00007ffe7fca0000 - 0x00007ffe7fd40000 	C:\WINDOWS\System32\sechost.dll
0x00007ffe81970000 - 0x00007ffe81a93000 	C:\WINDOWS\System32\RPCRT4.dll
0x00007ffe7f7d0000 - 0x00007ffe7f7f7000 	C:\WINDOWS\System32\bcrypt.dll
0x00007ffe81220000 - 0x00007ffe813bf000 	C:\WINDOWS\System32\USER32.dll
0x00007ffe7f800000 - 0x00007ffe7f822000 	C:\WINDOWS\System32\win32u.dll
0x00007ffe80bc0000 - 0x00007ffe80beb000 	C:\WINDOWS\System32\GDI32.dll
0x00007ffe7f9c0000 - 0x00007ffe7fad7000 	C:\WINDOWS\System32\gdi32full.dll
0x00007ffe683e0000 - 0x00007ffe6867a000 	C:\WINDOWS\WinSxS\amd64_microsoft.windows.common-controls_6595b64144ccf1df_6.0.19041.4355_none_60b8b9eb71f62e16\COMCTL32.dll
0x00007ffe7f2c0000 - 0x00007ffe7f35d000 	C:\WINDOWS\System32\msvcp_win.dll
0x00007ffe76de0000 - 0x00007ffe76dea000 	C:\WINDOWS\SYSTEM32\VERSION.dll
0x00007ffe7fd40000 - 0x00007ffe7fd72000 	C:\WINDOWS\System32\IMM32.DLL
0x00007ffe79970000 - 0x00007ffe7997c000 	C:\Program Files\Java\jdk-22\bin\vcruntime140_1.dll
0x00007ffe4b380000 - 0x00007ffe4b40e000 	C:\Program Files\Java\jdk-22\bin\msvcp140.dll
0x00007ffe3ec20000 - 0x00007ffe3f967000 	C:\Program Files\Java\jdk-22\bin\server\jvm.dll
0x00007ffe81900000 - 0x00007ffe8196b000 	C:\WINDOWS\System32\WS2_32.dll
0x00007ffe7ec40000 - 0x00007ffe7ec8b000 	C:\WINDOWS\SYSTEM32\POWRPROF.dll
0x00007ffe73e40000 - 0x00007ffe73e67000 	C:\WINDOWS\SYSTEM32\WINMM.dll
0x00007ffe7ec20000 - 0x00007ffe7ec32000 	C:\WINDOWS\SYSTEM32\UMPDC.dll
0x00007ffe7daf0000 - 0x00007ffe7db02000 	C:\WINDOWS\SYSTEM32\kernel.appcore.dll
0x00007ffe796a0000 - 0x00007ffe796aa000 	C:\Program Files\Java\jdk-22\bin\jimage.dll
0x00007ffe7cfd0000 - 0x00007ffe7d1b4000 	C:\WINDOWS\SYSTEM32\DBGHELP.DLL
0x00007ffe65510000 - 0x00007ffe65544000 	C:\WINDOWS\SYSTEM32\dbgcore.DLL
0x00007ffe7f930000 - 0x00007ffe7f9b2000 	C:\WINDOWS\System32\bcryptPrimitives.dll
0x00007ffe7a5c0000 - 0x00007ffe7a5cf000 	C:\Program Files\Java\jdk-22\bin\instrument.dll
0x00007ffe733c0000 - 0x00007ffe733de000 	C:\Program Files\Java\jdk-22\bin\java.dll
0x00007ffe7fef0000 - 0x00007ffe8065b000 	C:\WINDOWS\System32\SHELL32.dll
0x00007ffe81aa0000 - 0x00007ffe81bcb000 	C:\WINDOWS\System32\ole32.dll
0x00007ffe80740000 - 0x00007ffe80a93000 	C:\WINDOWS\System32\combase.dll

dbghelp: loaded successfully - version: 4.0.5 - missing functions: none
symbol engine: initialized successfully - sym options: 0x614 - pdb path: .;C:\Program Files\Java\jdk-22\bin;C:\WINDOWS\SYSTEM32;C:\WINDOWS\WinSxS\amd64_microsoft.windows.common-controls_6595b64144ccf1df_6.0.19041.4355_none_60b8b9eb71f62e16;C:\Program Files\Java\jdk-22\bin\server

VM Arguments:
jvm_args: -javaagent:F:\IntelliJ IDEA Community Edition 2023.3.3\lib\idea_rt.jar=53669:F:\IntelliJ IDEA Community Edition 2023.3.3\bin -Dfile.encoding=UTF-8 -Dsun.stdout.encoding=UTF-8 -Dsun.stderr.encoding=UTF-8 --module-path=C:\Users\yes\.m2\repository\org\openjfx\javafx-fxml\13\javafx-fxml-13-win.jar;F:\User\Documents\GitHub\DiscordCompressor\target\classes;C:\Users\yes\.m2\repository\org\openjfx\javafx-graphics\13\javafx-graphics-13-win.jar;C:\Users\yes\.m2\repository\org\openjfx\javafx-base\13\javafx-base-13-win.jar;C:\Users\yes\.m2\repository\org\openjfx\javafx-controls\13\javafx-controls-13-win.jar -Djdk.module.main=com.discordcompressor 
java_command: com.discordcompressor/com.discordcompressor.App
java_class_path (initial): C:\Users\yes\.m2\repository\org\openjfx\javafx-controls\13\javafx-controls-13.jar;C:\Users\yes\.m2\repository\org\openjfx\javafx-graphics\13\javafx-graphics-13.jar;C:\Users\yes\.m2\repository\org\openjfx\javafx-base\13\javafx-base-13.jar;C:\Users\yes\.m2\repository\org\openjfx\javafx-fxml\13\javafx-fxml-13.jar
Launcher Type: SUN_STANDARD

[Global flags]
     intx CICompilerCount                          = 3                                         {product} {ergonomic}
     uint ConcGCThreads                            = 2                                         {product} {ergonomic}
     uint G1ConcRefinementThreads                  = 6                                         {product} {ergonomic}
   size_t G1HeapRegionSize                         = 2097152                                   {product} {ergonomic}
   size_t InitialHeapSize                          = 268435456                                 {product} {ergonomic}
   size_t MarkStackSize                            = 4194304                                   {product} {ergonomic}
   size_t MaxHeapSize                              = 4276092928                                {product} {ergonomic}
   size_t MinHeapDeltaBytes                        = 2097152                                   {product} {ergonomic}
   size_t MinHeapSize                              = 8388608                                   {product} {ergonomic}
    uintx NonNMethodCodeHeapSize                   = 5832780                                {pd product} {ergonomic}
    uintx NonProfiledCodeHeapSize                  = 122912730                              {pd product} {ergonomic}
    uintx ProfiledCodeHeapSize                     = 122912730                              {pd product} {ergonomic}
    uintx ReservedCodeCacheSize                    = 251658240                              {pd product} {ergonomic}
     bool SegmentedCodeCache                       = true                                      {product} {ergonomic}
   size_t SoftMaxHeapSize                          = 4276092928                             {manageable} {ergonomic}
     bool UseCompressedOops                        = true                           {product lp64_product} {ergonomic}
     bool UseG1GC                                  = true                                      {product} {ergonomic}
     bool UseLargePagesIndividualAllocation        = false                                  {pd product} {ergonomic}

Logging:
Log output configuration:
 #0: stdout all=warning uptime,level,tags foldmultilines=false
 #1: stderr all=off uptime,level,tags foldmultilines=false

Environment Variables:
JAVA_HOME=C:\Program Files\Java\jdk-19
PATH=C:\Program Files\Common Files\Oracle\Java\javapath;C:\WINDOWS\system32;C:\WINDOWS;C:\WINDOWS\System32\Wbem;C:\WINDOWS\System32\WindowsPowerShell\v1.0\;C:\WINDOWS\System32\OpenSSH\;C:\Program Files\NVIDIA Corporation\NVIDIA NvDLISR;C:\Program Files (x86)\NVIDIA Corporation\PhysX\Common;E:\ffmpeg-2022-12-21-git-eef763c705-full_build\bin;C:\Program Files\nodejs\;E:\youtube-dl;C:\Program Files\dotnet\;C:\Program Files (x86)\dotnet\;C:\Program Files\Git\cmd;C:\WINDOWS\system32;C:\WINDOWS;C:\WINDOWS\System32\Wbem;C:\WINDOWS\System32\WindowsPowerShell\v1.0\;C:\WINDOWS\System32\OpenSSH\;C:\Program Files\Graphviz\bin;C:\Program Files (x86)\ZeroTier\One\;C:\msys64\mingw64\bin;C:\Program Files\CMake\bin;C:\ProgramData\chocolatey\bin;F:\IntelliJ IDEA Community Edition 2023.3.3\bin;F:\ffmpeg-2024-06-06-git-d55f5cba7b-full_build\bin;C:\Users\yes\.pyenv\pyenv-win\bin;C:\Users\yes\.pyenv\pyenv-win\shims;C:\Users\yes\AppData\Local\Programs\Python\Python311\Scripts\;C:\Users\yes\AppData\Local\Programs\Python\Python311\;C:\Program Files\MySQL\MySQL Shell 8.0\bin\;C:\Users\yes\AppData\Local\Microsoft\WindowsApps;E:\ffmpeg-2022-12-21-git-eef763c705-full_build\bin;C:\Users\yes\AppData\Local\Programs\Microsoft VS Code\bin;C:\Users\yes\AppData\Local\GitHubDesktop\bin;C:\Users\yes\AppData\Roaming\npm;C:\Python;E:\youtube-dl;C:\Users\yes\AppData\Local\Pandoc\;C:\Users\yes\AppData\Local\Android\Sdk\platform-tools;C:\Users\yes\.dotnet\tools;C:\msys64\mingw64\bin;F:\IntelliJ IDEA Community Edition 2023.3.3\bin;C:\Users\yes\.dotnet\tools;F:\ffmpeg-2024-06-06-git-d55f5cba7b-full_build\bin;
USERNAME=yes
OS=Windows_NT
PROCESSOR_IDENTIFIER=AMD64 Family 23 Model 113 Stepping 0, AuthenticAMD
TMP=C:\Users\yes\AppData\Local\Temp
TEMP=C:\Users\yes\AppData\Local\Temp




Periodic native trim disabled

---------------  S Y S T E M  ---------------

OS:
 Windows 10 , 64 bit Build 19041 (10.0.19041.3636)
OS uptime: 2 days 9:59 hours

CPU: total 6 (initial active 6) (6 cores per cpu, 1 threads per core) family 23 model 113 stepping 0 microcode 0x0, cx8, cmov, fxsr, mmx, 3dnowpref, sse, sse2, sse3, ssse3, sse4a, sse4.1, sse4.2, popcnt, lzcnt, tsc, tscinvbit, avx, avx2, aes, clmul, bmi1, bmi2, adx, sha, fma, vzeroupper, clflush, clflushopt, rdtscp, rdpid, f16c
Processor Information for all 6 processors :
  Max Mhz: 3593, Current Mhz: 3593, Mhz Limit: 3593

Memory: 4k page, system-wide physical 16307M (683M free)
TotalPageFile size 65459M (AvailPageFile size 115M)
current process WorkingSet (physical memory assigned to process): 11M, peak: 11M
current process commit charge ("private bytes"): 56M, peak: 312M

vm_info: Java HotSpot(TM) 64-Bit Server VM (22.0.1+8-16) for windows-amd64 JRE (22.0.1+8-16), built on 2024-03-12T10:33:16Z by "mach5one" with MS VC++ 17.6 (VS2022)

END.
